<?xml version="1.0" encoding="UTF-8"?>
<testsuite xmlns:xsi="http://www.w3.org/2001/XMLSchema-instance" xsi:noNamespaceSchemaLocation="https://maven.apache.org/surefire/maven-surefire-plugin/xsd/surefire-test-report-3.0.xsd" version="3.0" name="com.vehicule.gestion.GestionApplicationTests" time="102.064" tests="1" errors="0" skipped="0" failures="0">
  <properties>
[...]
</properties>
  <testcase name="contextLoads" classname="com.vehicule.gestion.GestionApplicationTests" time="4.388">
    <system-out><![CDATA[19:37:04.693 [main] INFO org.springframework.test.context.support.AnnotationConfigContextLoaderUtils -- Could not detect default configuration classes for test class [com.vehicule.gestion.GestionApplicationTests]: GestionApplicationTests does not declare any static, non-private, non-final, nested classes annotated with @Configuration.
19:37:05.777 [main] INFO org.springframework.boot.test.context.SpringBootTestContextBootstrapper -- Found @SpringBootConfiguration com.vehicule.gestion.GestionApplication for test class com.vehicule.gestion.GestionApplicationTests
19:37:07.143 [main] INFO org.springframework.boot.devtools.restart.RestartApplicationListener -- Restart disabled due to context in which it is running

  .   ____          _            __ _ _
 /\\ / ___'_ __ _ _(_)_ __  __ _ \ \ \ \
( ( )\___ | '_ | '_| | '_ \/ _` | \ \ \ \
 \\/  ___)| |_)| | | | | || (_| |  ) ) ) )
  '  |____| .__|_| |_|_| |_\__, | / / / /
 =========|_|==============|___/=/_/_/_/
 :: Spring Boot ::                (v3.2.1)

2024-01-29T19:37:09.632+03:00  INFO 3808 --- [           main] c.v.gestion.GestionApplicationTests      : Starting GestionApplicationTests using Java 17.0.6 with PID 3808 (started by THINKPAD in C:\Users\THINKPAD\Documents\GitHub\VehiculeSpring)
2024-01-29T19:37:09.637+03:00  INFO 3808 --- [           main] c.v.gestion.GestionApplicationTests      : No active profile set, falling back to 1 default profile: "default"
2024-01-29T19:37:24.171+03:00  INFO 3808 --- [           main] .s.d.r.c.RepositoryConfigurationDelegate : Multiple Spring Data modules found, entering strict repository configuration mode
2024-01-29T19:37:24.187+03:00  INFO 3808 --- [           main] .s.d.r.c.RepositoryConfigurationDelegate : Bootstrapping Spring Data JPA repositories in DEFAULT mode.
2024-01-29T19:37:24.421+03:00  INFO 3808 --- [           main] .RepositoryConfigurationExtensionSupport : Spring Data JPA - Could not safely identify store assignment for repository candidate interface com.vehicule.gestion.repository.RepositoryMessage; If you want this repository to be a JPA repository, consider annotating your entities with one of these annotations: jakarta.persistence.Entity, jakarta.persistence.MappedSuperclass (preferred), or consider extending one of the following types with your repository: org.springframework.data.jpa.repository.JpaRepository
2024-01-29T19:37:24.608+03:00  INFO 3808 --- [           main] .s.d.r.c.RepositoryConfigurationDelegate : Finished Spring Data repository scanning in 387 ms. Found 17 JPA repository interfaces.
2024-01-29T19:37:24.880+03:00  INFO 3808 --- [           main] .s.d.r.c.RepositoryConfigurationDelegate : Multiple Spring Data modules found, entering strict repository configuration mode
2024-01-29T19:37:24.881+03:00  INFO 3808 --- [           main] .s.d.r.c.RepositoryConfigurationDelegate : Bootstrapping Spring Data MongoDB repositories in DEFAULT mode.
2024-01-29T19:37:24.914+03:00  INFO 3808 --- [           main] .RepositoryConfigurationExtensionSupport : Spring Data MongoDB - Could not safely identify store assignment for repository candidate interface com.vehicule.gestion.repository.AnnonceRepository; If you want this repository to be a MongoDB repository, consider annotating your entities with one of these annotations: org.springframework.data.mongodb.core.mapping.Document (preferred), or consider extending one of the following types with your repository: org.springframework.data.mongodb.repository.MongoRepository
2024-01-29T19:37:24.917+03:00  INFO 3808 --- [           main] .RepositoryConfigurationExtensionSupport : Spring Data MongoDB - Could not safely identify store assignment for repository candidate interface com.vehicule.gestion.repository.CategorieRepository; If you want this repository to be a MongoDB repository, consider annotating your entities with one of these annotations: org.springframework.data.mongodb.core.mapping.Document (preferred), or consider extending one of the following types with your repository: org.springframework.data.mongodb.repository.MongoRepository
2024-01-29T19:37:24.922+03:00  INFO 3808 --- [           main] .RepositoryConfigurationExtensionSupport : Spring Data MongoDB - Could not safely identify store assignment for repository candidate interface com.vehicule.gestion.repository.FonctionnaliteTechnologiqueRepository; If you want this repository to be a MongoDB repository, consider annotating your entities with one of these annotations: org.springframework.data.mongodb.core.mapping.Document (preferred), or consider extending one of the following types with your repository: org.springframework.data.mongodb.repository.MongoRepository
2024-01-29T19:37:24.923+03:00  INFO 3808 --- [           main] .RepositoryConfigurationExtensionSupport : Spring Data MongoDB - Could not safely identify store assignment for repository candidate interface com.vehicule.gestion.repository.HistoriqueInteretRepository; If you want this repository to be a MongoDB repository, consider annotating your entities with one of these annotations: org.springframework.data.mongodb.core.mapping.Document (preferred), or consider extending one of the following types with your repository: org.springframework.data.mongodb.repository.MongoRepository
2024-01-29T19:37:24.924+03:00  INFO 3808 --- [           main] .RepositoryConfigurationExtensionSupport : Spring Data MongoDB - Could not safely identify store assignment for repository candidate interface com.vehicule.gestion.repository.ImageAnnonceRepository; If you want this repository to be a MongoDB repository, consider annotating your entities with one of these annotations: org.springframework.data.mongodb.core.mapping.Document (preferred), or consider extending one of the following types with your repository: org.springframework.data.mongodb.repository.MongoRepository
2024-01-29T19:37:24.926+03:00  INFO 3808 --- [           main] .RepositoryConfigurationExtensionSupport : Spring Data MongoDB - Could not safely identify store assignment for repository candidate interface com.vehicule.gestion.repository.InteretRepository; If you want this repository to be a MongoDB repository, consider annotating your entities with one of these annotations: org.springframework.data.mongodb.core.mapping.Document (preferred), or consider extending one of the following types with your repository: org.springframework.data.mongodb.repository.MongoRepository
2024-01-29T19:37:24.927+03:00  INFO 3808 --- [           main] .RepositoryConfigurationExtensionSupport : Spring Data MongoDB - Could not safely identify store assignment for repository candidate interface com.vehicule.gestion.repository.KitageRepository; If you want this repository to be a MongoDB repository, consider annotating your entities with one of these annotations: org.springframework.data.mongodb.core.mapping.Document (preferred), or consider extending one of the following types with your repository: org.springframework.data.mongodb.repository.MongoRepository
2024-01-29T19:37:24.928+03:00  INFO 3808 --- [           main] .RepositoryConfigurationExtensionSupport : Spring Data MongoDB - Could not safely identify store assignment for repository candidate interface com.vehicule.gestion.repository.MeilleurMarqueVenduRepository; If you want this repository to be a MongoDB repository, consider annotating your entities with one of these annotations: org.springframework.data.mongodb.core.mapping.Document (preferred), or consider extending one of the following types with your repository: org.springframework.data.mongodb.repository.MongoRepository
2024-01-29T19:37:24.929+03:00  INFO 3808 --- [           main] .RepositoryConfigurationExtensionSupport : Spring Data MongoDB - Could not safely identify store assignment for repository candidate interface com.vehicule.gestion.repository.MeilleurVendeurRepository; If you want this repository to be a MongoDB repository, consider annotating your entities with one of these annotations: org.springframework.data.mongodb.core.mapping.Document (preferred), or consider extending one of the following types with your repository: org.springframework.data.mongodb.repository.MongoRepository
2024-01-29T19:37:24.930+03:00  INFO 3808 --- [           main] .RepositoryConfigurationExtensionSupport : Spring Data MongoDB - Could not safely identify store assignment for repository candidate interface com.vehicule.gestion.repository.ModeleRepository; If you want this repository to be a MongoDB repository, consider annotating your entities with one of these annotations: org.springframework.data.mongodb.core.mapping.Document (preferred), or consider extending one of the following types with your repository: org.springframework.data.mongodb.repository.MongoRepository
2024-01-29T19:37:24.933+03:00  INFO 3808 --- [           main] .RepositoryConfigurationExtensionSupport : Spring Data MongoDB - Could not safely identify store assignment for repository candidate interface com.vehicule.gestion.repository.RepositoryAnnonceFavoris; If you want this repository to be a MongoDB repository, consider annotating your entities with one of these annotations: org.springframework.data.mongodb.core.mapping.Document (preferred), or consider extending one of the following types with your repository: org.springframework.data.mongodb.repository.MongoRepository
2024-01-29T19:37:24.936+03:00  INFO 3808 --- [           main] .RepositoryConfigurationExtensionSupport : Spring Data MongoDB - Could not safely identify store assignment for repository candidate interface com.vehicule.gestion.repository.RepositoryMarque; If you want this repository to be a MongoDB repository, consider annotating your entities with one of these annotations: org.springframework.data.mongodb.core.mapping.Document (preferred), or consider extending one of the following types with your repository: org.springframework.data.mongodb.repository.MongoRepository
2024-01-29T19:37:24.940+03:00  INFO 3808 --- [           main] .RepositoryConfigurationExtensionSupport : Spring Data MongoDB - Could not safely identify store assignment for repository candidate interface com.vehicule.gestion.repository.RepositoryPays; If you want this repository to be a MongoDB repository, consider annotating your entities with one of these annotations: org.springframework.data.mongodb.core.mapping.Document (preferred), or consider extending one of the following types with your repository: org.springframework.data.mongodb.repository.MongoRepository
2024-01-29T19:37:24.942+03:00  INFO 3808 --- [           main] .RepositoryConfigurationExtensionSupport : Spring Data MongoDB - Could not safely identify store assignment for repository candidate interface com.vehicule.gestion.repository.RepositoryTypeCarburant; If you want this repository to be a MongoDB repository, consider annotating your entities with one of these annotations: org.springframework.data.mongodb.core.mapping.Document (preferred), or consider extending one of the following types with your repository: org.springframework.data.mongodb.repository.MongoRepository
2024-01-29T19:37:24.953+03:00  INFO 3808 --- [           main] .RepositoryConfigurationExtensionSupport : Spring Data MongoDB - Could not safely identify store assignment for repository candidate interface com.vehicule.gestion.repository.SousModeleRepository; If you want this repository to be a MongoDB repository, consider annotating your entities with one of these annotations: org.springframework.data.mongodb.core.mapping.Document (preferred), or consider extending one of the following types with your repository: org.springframework.data.mongodb.repository.MongoRepository
2024-01-29T19:37:24.955+03:00  INFO 3808 --- [           main] .RepositoryConfigurationExtensionSupport : Spring Data MongoDB - Could not safely identify store assignment for repository candidate interface com.vehicule.gestion.repository.Testrepository; If you want this repository to be a MongoDB repository, consider annotating your entities with one of these annotations: org.springframework.data.mongodb.core.mapping.Document (preferred), or consider extending one of the following types with your repository: org.springframework.data.mongodb.repository.MongoRepository
2024-01-29T19:37:24.959+03:00  INFO 3808 --- [           main] .RepositoryConfigurationExtensionSupport : Spring Data MongoDB - Could not safely identify store assignment for repository candidate interface com.vehicule.gestion.repository.UtilisateurRepository; If you want this repository to be a MongoDB repository, consider annotating your entities with one of these annotations: org.springframework.data.mongodb.core.mapping.Document (preferred), or consider extending one of the following types with your repository: org.springframework.data.mongodb.repository.MongoRepository
2024-01-29T19:37:25.019+03:00  INFO 3808 --- [           main] .s.d.r.c.RepositoryConfigurationDelegate : Finished Spring Data repository scanning in 135 ms. Found 1 MongoDB repository interface.
2024-01-29T19:37:33.365+03:00  INFO 3808 --- [           main] com.zaxxer.hikari.HikariDataSource       : HikariPool-1 - Starting...
2024-01-29T19:37:47.972+03:00  INFO 3808 --- [           main] com.zaxxer.hikari.pool.HikariPool        : HikariPool-1 - Added connection org.postgresql.jdbc.PgConnection@7b44bfb8
2024-01-29T19:37:48.019+03:00  INFO 3808 --- [           main] com.zaxxer.hikari.HikariDataSource       : HikariPool-1 - Start completed.
2024-01-29T19:37:48.284+03:00  INFO 3808 --- [           main] o.hibernate.jpa.internal.util.LogHelper  : HHH000204: Processing PersistenceUnitInfo [name: default]
2024-01-29T19:37:50.003+03:00  INFO 3808 --- [           main] org.hibernate.Version                    : HHH000412: Hibernate ORM core version 6.4.1.Final
2024-01-29T19:37:50.643+03:00  INFO 3808 --- [           main] o.h.c.internal.RegionFactoryInitiator    : HHH000026: Second-level cache disabled
2024-01-29T19:37:53.112+03:00  INFO 3808 --- [           main] o.s.o.j.p.SpringPersistenceUnitInfo      : No LoadTimeWeaver setup: ignoring JPA class transformer
2024-01-29T19:37:54.721+03:00  WARN 3808 --- [           main] org.hibernate.orm.deprecation            : HHH90000025: PostgreSQLDialect does not need to be specified explicitly using 'hibernate.dialect' (remove the property setting and it will be selected by default)
2024-01-29T19:38:02.416+03:00  INFO 3808 --- [           main] o.h.m.i.EntityInstantiatorPojoStandard   : HHH000182: No default (no-argument) constructor for class: com.vehicule.gestion.modele.HistoriqueInteret (class must be instantiated by Interceptor)
2024-01-29T19:38:03.432+03:00  INFO 3808 --- [           main] o.h.e.t.j.p.i.JtaPlatformInitiator       : HHH000489: No JTA platform available (set 'hibernate.transaction.jta.platform' to enable JTA platform integration)
2024-01-29T19:38:03.432+03:00  INFO 3808 --- [           main] j.LocalContainerEntityManagerFactoryBean : Initialized JPA EntityManagerFactory for persistence unit 'default'
2024-01-29T19:38:17.301+03:00  INFO 3808 --- [           main] o.s.d.j.r.query.QueryEnhancerFactory     : Hibernate is in classpath; If applicable, HQL parser will be used.
2024-01-29T19:38:29.934+03:00  INFO 3808 --- [           main] org.mongodb.driver.client                : MongoClient with metadata {"driver": {"name": "mongo-java-driver|sync|spring-boot", "version": "4.11.1"}, "os": {"type": "Windows", "name": "Windows 10", "architecture": "amd64", "version": "10.0"}, "platform": "Java/Oracle Corporation/17.0.6+9-LTS-190"} created with settings MongoClientSettings{readPreference=primary, writeConcern=WriteConcern{w=null, wTimeout=null ms, journal=null}, retryWrites=true, retryReads=true, readConcern=ReadConcern{level=null}, credential=MongoCredential{mechanism=null, userName='henintsoa', source='admin', password=<hidden>, mechanismProperties=<hidden>}, transportSettings=null, streamFactoryFactory=null, commandListeners=[], codecRegistry=ProvidersCodecRegistry{codecProviders=[ValueCodecProvider{}, BsonValueCodecProvider{}, DBRefCodecProvider{}, DBObjectCodecProvider{}, DocumentCodecProvider{}, CollectionCodecProvider{}, IterableCodecProvider{}, MapCodecProvider{}, GeoJsonCodecProvider{}, GridFSFileCodecProvider{}, Jsr310CodecProvider{}, JsonObjectCodecProvider{}, BsonCodecProvider{}, EnumCodecProvider{}, com.mongodb.client.model.mql.ExpressionCodecProvider@5813046e, com.mongodb.Jep395RecordCodecProvider@6b1e72a4, com.mongodb.KotlinCodecProvider@5da61ee2]}, loggerSettings=LoggerSettings{maxDocumentLength=1000}, clusterSettings={hosts=[127.0.0.1:27017], srvHost=vehicule.7a17oki.mongodb.net, srvServiceName=mongodb, mode=MULTIPLE, requiredClusterType=REPLICA_SET, requiredReplicaSetName='atlas-sfa7v0-shard-0', serverSelector='null', clusterListeners='[]', serverSelectionTimeout='30000 ms', localThreshold='15 ms'}, socketSettings=SocketSettings{connectTimeoutMS=10000, readTimeoutMS=0, receiveBufferSize=0, proxySettings=ProxySettings{host=null, port=null, username=null, password=null}}, heartbeatSocketSettings=SocketSettings{connectTimeoutMS=10000, readTimeoutMS=10000, receiveBufferSize=0, proxySettings=ProxySettings{host=null, port=null, username=null, password=null}}, connectionPoolSettings=ConnectionPoolSettings{maxSize=100, minSize=0, maxWaitTimeMS=120000, maxConnectionLifeTimeMS=0, maxConnectionIdleTimeMS=0, maintenanceInitialDelayMS=0, maintenanceFrequencyMS=60000, connectionPoolListeners=[], maxConnecting=2}, serverSettings=ServerSettings{heartbeatFrequencyMS=10000, minHeartbeatFrequencyMS=500, serverListeners='[]', serverMonitorListeners='[]'}, sslSettings=SslSettings{enabled=true, invalidHostNameAllowed=false, context=null}, applicationName='null', compressorList=[], uuidRepresentation=JAVA_LEGACY, serverApi=null, autoEncryptionSettings=null, dnsClient=null, inetAddressResolver=null, contextProvider=null}
2024-01-29T19:38:30.262+03:00  INFO 3808 --- [oki.mongodb.net] org.mongodb.driver.cluster               : Adding discovered server ac-yptf7b9-shard-00-00.7a17oki.mongodb.net:27017 to client view of cluster
2024-01-29T19:38:30.543+03:00  INFO 3808 --- [oki.mongodb.net] org.mongodb.driver.cluster               : Adding discovered server ac-yptf7b9-shard-00-01.7a17oki.mongodb.net:27017 to client view of cluster
2024-01-29T19:38:30.549+03:00  INFO 3808 --- [oki.mongodb.net] org.mongodb.driver.cluster               : Adding discovered server ac-yptf7b9-shard-00-02.7a17oki.mongodb.net:27017 to client view of cluster
2024-01-29T19:38:32.686+03:00  INFO 3808 --- [ngodb.net:27017] org.mongodb.driver.cluster               : Monitor thread successfully connected to server with description ServerDescription{address=ac-yptf7b9-shard-00-00.7a17oki.mongodb.net:27017, type=REPLICA_SET_SECONDARY, state=CONNECTED, ok=true, minWireVersion=0, maxWireVersion=17, maxDocumentSize=16777216, logicalSessionTimeoutMinutes=30, roundTripTimeNanos=900984700, setName='atlas-sfa7v0-shard-0', canonicalAddress=ac-yptf7b9-shard-00-00.7a17oki.mongodb.net:27017, hosts=[ac-yptf7b9-shard-00-02.7a17oki.mongodb.net:27017, ac-yptf7b9-shard-00-00.7a17oki.mongodb.net:27017, ac-yptf7b9-shard-00-01.7a17oki.mongodb.net:27017], passives=[], arbiters=[], primary='ac-yptf7b9-shard-00-01.7a17oki.mongodb.net:27017', tagSet=TagSet{[Tag{name='availabilityZone', value='afs1-az1'}, Tag{name='diskState', value='READY'}, Tag{name='nodeType', value='ELECTABLE'}, Tag{name='provider', value='AWS'}, Tag{name='region', value='AF_SOUTH_1'}, Tag{name='workloadType', value='OPERATIONAL'}]}, electionId=null, setVersion=3, topologyVersion=TopologyVersion{processId=65b7f3539d9d019fcdfd9a2a, counter=4}, lastWriteDate=Mon Jan 29 22:38:59 EAT 2024, lastUpdateTimeNanos=13953627512400}
2024-01-29T19:38:32.690+03:00  INFO 3808 --- [ngodb.net:27017] org.mongodb.driver.cluster               : Monitor thread successfully connected to server with description ServerDescription{address=ac-yptf7b9-shard-00-02.7a17oki.mongodb.net:27017, type=REPLICA_SET_SECONDARY, state=CONNECTED, ok=true, minWireVersion=0, maxWireVersion=17, maxDocumentSize=16777216, logicalSessionTimeoutMinutes=30, roundTripTimeNanos=936332500, setName='atlas-sfa7v0-shard-0', canonicalAddress=ac-yptf7b9-shard-00-02.7a17oki.mongodb.net:27017, hosts=[ac-yptf7b9-shard-00-02.7a17oki.mongodb.net:27017, ac-yptf7b9-shard-00-00.7a17oki.mongodb.net:27017, ac-yptf7b9-shard-00-01.7a17oki.mongodb.net:27017], passives=[], arbiters=[], primary='ac-yptf7b9-shard-00-01.7a17oki.mongodb.net:27017', tagSet=TagSet{[Tag{name='availabilityZone', value='afs1-az3'}, Tag{name='diskState', value='READY'}, Tag{name='nodeType', value='ELECTABLE'}, Tag{name='provider', value='AWS'}, Tag{name='region', value='AF_SOUTH_1'}, Tag{name='workloadType', value='OPERATIONAL'}]}, electionId=null, setVersion=3, topologyVersion=TopologyVersion{processId=65b7f822653d31133cbdd618, counter=3}, lastWriteDate=Mon Jan 29 22:38:59 EAT 2024, lastUpdateTimeNanos=13953628482300}
2024-01-29T19:38:32.733+03:00  INFO 3808 --- [ngodb.net:27017] org.mongodb.driver.cluster               : Monitor thread successfully connected to server with description ServerDescription{address=ac-yptf7b9-shard-00-01.7a17oki.mongodb.net:27017, type=REPLICA_SET_PRIMARY, state=CONNECTED, ok=true, minWireVersion=0, maxWireVersion=17, maxDocumentSize=16777216, logicalSessionTimeoutMinutes=30, roundTripTimeNanos=755743600, setName='atlas-sfa7v0-shard-0', canonicalAddress=ac-yptf7b9-shard-00-01.7a17oki.mongodb.net:27017, hosts=[ac-yptf7b9-shard-00-02.7a17oki.mongodb.net:27017, ac-yptf7b9-shard-00-00.7a17oki.mongodb.net:27017, ac-yptf7b9-shard-00-01.7a17oki.mongodb.net:27017], passives=[], arbiters=[], primary='ac-yptf7b9-shard-00-01.7a17oki.mongodb.net:27017', tagSet=TagSet{[Tag{name='availabilityZone', value='afs1-az2'}, Tag{name='diskState', value='READY'}, Tag{name='nodeType', value='ELECTABLE'}, Tag{name='provider', value='AWS'}, Tag{name='region', value='AF_SOUTH_1'}, Tag{name='workloadType', value='OPERATIONAL'}]}, electionId=7fffffff0000000000000012, setVersion=3, topologyVersion=TopologyVersion{processId=65b7f56b6bae0c3669527cbf, counter=6}, lastWriteDate=Mon Jan 29 22:38:59 EAT 2024, lastUpdateTimeNanos=13953710492300}
2024-01-29T19:38:32.749+03:00  INFO 3808 --- [ngodb.net:27017] org.mongodb.driver.cluster               : Discovered replica set primary ac-yptf7b9-shard-00-01.7a17oki.mongodb.net:27017 with max election id 7fffffff0000000000000012 and max set version 3
2024-01-29T19:38:34.530+03:00  WARN 3808 --- [           main] JpaBaseConfiguration$JpaWebConfiguration : spring.jpa.open-in-view is enabled by default. Therefore, database queries may be performed during view rendering. Explicitly configure spring.jpa.open-in-view to disable this warning
2024-01-29T19:38:37.867+03:00  INFO 3808 --- [           main] o.s.s.web.DefaultSecurityFilterChain     : Will secure any request with [org.springframework.security.web.session.DisableEncodeUrlFilter@43898d09, org.springframework.security.web.context.request.async.WebAsyncManagerIntegrationFilter@3bf1a4c, org.springframework.security.web.context.SecurityContextHolderFilter@1b272037, org.springframework.security.web.header.HeaderWriterFilter@6d4f29a4, org.springframework.web.filter.CorsFilter@87060c0, org.springframework.security.web.authentication.logout.LogoutFilter@524911cd, com.vehicule.gestion.requestFilter.JwtRequestFilter@36e95b7b, org.springframework.security.web.authentication.www.BasicAuthenticationFilter@24fc815d, org.springframework.security.web.savedrequest.RequestCacheAwareFilter@3842ccf9, org.springframework.security.web.servletapi.SecurityContextHolderAwareRequestFilter@17236e87, org.springframework.security.web.authentication.AnonymousAuthenticationFilter@4d048945, org.springframework.security.web.session.SessionManagementFilter@5ecd22e7, org.springframework.security.web.access.ExceptionTranslationFilter@758f755a, org.springframework.security.web.access.intercept.AuthorizationFilter@6ebdb938]
2024-01-29T19:38:39.728+03:00  WARN 3808 --- [           main] ion$DefaultTemplateResolverConfiguration : Cannot find template location: classpath:/templates/ (please add some templates, check your Thymeleaf configuration, or set spring.thymeleaf.check-template-location=false)
2024-01-29T19:38:40.728+03:00  INFO 3808 --- [           main] c.v.gestion.GestionApplicationTests      : Started GestionApplicationTests in 93.677 seconds (process running for 105.507)
]]></system-out>
  </testcase>
</testsuite>